<?xml version="1.0" encoding="UTF-8" ?>
<testsuite failures="0" time="6.015" errors="0" skipped="0" tests="1" name="cn.itcast.ssm.TestMybatis">
  <properties>
    <property name="java.runtime.name" value="Java(TM) SE Runtime Environment"/>
    <property name="sun.boot.library.path" value="E:\kaifa\jdk1.7.0_72\jre\bin"/>
    <property name="java.vm.version" value="24.72-b04"/>
    <property name="java.vm.vendor" value="Oracle Corporation"/>
    <property name="maven.multiModuleProjectDirectory" value="D:\kaifa\workspace_babasport\sport\parent"/>
    <property name="java.vendor.url" value="http://java.oracle.com/"/>
    <property name="path.separator" value=";"/>
    <property name="guice.disable.misplaced.annotation.check" value="true"/>
    <property name="java.vm.name" value="Java HotSpot(TM) Client VM"/>
    <property name="file.encoding.pkg" value="sun.io"/>
    <property name="user.script" value=""/>
    <property name="user.country" value="CN"/>
    <property name="sun.java.launcher" value="SUN_STANDARD"/>
    <property name="sun.os.patch.level" value="Service Pack 1"/>
    <property name="java.vm.specification.name" value="Java Virtual Machine Specification"/>
    <property name="user.dir" value="D:\kaifa\workspace_babasport\sport\parent"/>
    <property name="java.runtime.version" value="1.7.0_72-b14"/>
    <property name="java.awt.graphicsenv" value="sun.awt.Win32GraphicsEnvironment"/>
    <property name="java.endorsed.dirs" value="E:\kaifa\jdk1.7.0_72\jre\lib\endorsed"/>
    <property name="os.arch" value="x86"/>
    <property name="java.io.tmpdir" value="C:\Users\ADMINI~1\AppData\Local\Temp\"/>
    <property name="line.separator" value="
"/>
    <property name="java.vm.specification.vendor" value="Oracle Corporation"/>
    <property name="user.variant" value=""/>
    <property name="os.name" value="Windows 7"/>
    <property name="classworlds.conf" value="D:\kaifa\workspace_babasport\.metadata\.plugins\org.eclipse.m2e.launching\launches\m2conf8154916825729755110.tmp"/>
    <property name="sun.jnu.encoding" value="GBK"/>
    <property name="java.library.path" value="E:\kaifa\jdk1.7.0_72\bin;C:\Windows\Sun\Java\bin;C:\Windows\system32;C:\Windows;E:/kaifa/jdk1.7.0_72/bin/../jre/bin/client;E:/kaifa/jdk1.7.0_72/bin/../jre/bin;E:/kaifa/jdk1.7.0_72/bin/../jre/lib/i386;D:\maven\apache-maven-3.3.9\bin;E:\kaifa\jdk1.7.0_72\bin;C:\ProgramData\Oracle\Java\javapath;E:\java\New Folder\lib;C:\Windows\system32;C:\Windows;C:\Windows\system32\wbem;D:\Mysql\bin;D:\SVN\bin;D:\TortoiseSVN\bin;C:\Program Files\Git\cmd;D:\nodejs\;C:\Users\Administrator\AppData\Roaming\npm;E:\eclipse;;."/>
    <property name="java.specification.name" value="Java Platform API Specification"/>
    <property name="java.class.version" value="51.0"/>
    <property name="sun.management.compiler" value="HotSpot Client Compiler"/>
    <property name="os.version" value="6.1"/>
    <property name="user.home" value="C:\Users\Administrator"/>
    <property name="user.timezone" value="Asia/Shanghai"/>
    <property name="java.awt.printerjob" value="sun.awt.windows.WPrinterJob"/>
    <property name="java.specification.version" value="1.7"/>
    <property name="file.encoding" value="GBK"/>
    <property name="user.name" value="Administrator"/>
    <property name="java.class.path" value="/E:/eclipse/plugins/org.eclipse.m2e.maven.runtime_1.6.2.20150902-0001/jars/plexus-classworlds-2.5.2.jar"/>
    <property name="java.vm.specification.version" value="1.7"/>
    <property name="sun.arch.data.model" value="32"/>
    <property name="java.home" value="E:\kaifa\jdk1.7.0_72\jre"/>
    <property name="sun.java.command" value="org.codehaus.plexus.classworlds.launcher.Launcher -B -s E:\repository_ssm\settings.xml install"/>
    <property name="java.specification.vendor" value="Oracle Corporation"/>
    <property name="user.language" value="zh"/>
    <property name="awt.toolkit" value="sun.awt.windows.WToolkit"/>
    <property name="java.vm.info" value="mixed mode, sharing"/>
    <property name="java.version" value="1.7.0_72"/>
    <property name="java.ext.dirs" value="E:\kaifa\jdk1.7.0_72\jre\lib\ext;C:\Windows\Sun\Java\lib\ext"/>
    <property name="sun.boot.class.path" value="E:\kaifa\jdk1.7.0_72\jre\lib\resources.jar;E:\kaifa\jdk1.7.0_72\jre\lib\rt.jar;E:\kaifa\jdk1.7.0_72\jre\lib\sunrsasign.jar;E:\kaifa\jdk1.7.0_72\jre\lib\jsse.jar;E:\kaifa\jdk1.7.0_72\jre\lib\jce.jar;E:\kaifa\jdk1.7.0_72\jre\lib\charsets.jar;E:\kaifa\jdk1.7.0_72\jre\lib\jfr.jar;E:\kaifa\jdk1.7.0_72\jre\classes"/>
    <property name="java.vendor" value="Oracle Corporation"/>
    <property name="maven.home" value="D:\kaifa\workspace_babasport\sport\parent\EMBEDDED"/>
    <property name="file.separator" value="\"/>
    <property name="java.vendor.url.bug" value="http://bugreport.sun.com/bugreport/"/>
    <property name="sun.cpu.endian" value="little"/>
    <property name="sun.io.unicode.encoding" value="UnicodeLittle"/>
    <property name="sun.desktop" value="windows"/>
    <property name="sun.cpu.isalist" value=""/>
  </properties>
  <testcase time="6.015" classname="cn.itcast.ssm.TestMybatis" name="testSolr"/>
</testsuite>